2023-10-13 09:15:32,987 - INFO - Application started successfully
2023-10-13 09:16:10,345 - WARNING - Disk space running low on /dev/sda1
2023-10-13 09:16:45,123 - INFO - User John logged in
2023-10-13 09:17:20,456 - ERROR - Database connection failed: Timeout
2023-10-13 09:18:30,789 - INFO - Scheduled backup started
2023-10-13 09:19:12,678 - INFO - Backup completed successfully
2023-10-13 09:20:00,123 - WARNING - High memory usage detected
2023-10-13 09:20:45,567 - INFO - User Jane logged in
2023-10-13 09:21:30,890 - ERROR - Failed to load configuration file: config.yaml not found
2023-10-13 09:22:15,321 - INFO - New order processed, order_id=10234
2023-10-13 09:23:00,654 - ERROR - Payment gateway request failed: Service unavailable
2023-10-13 09:23:45,432 - INFO - User logout detected
2023-10-13 09:24:10,111 - INFO - System health check passed
2023-10-13 09:25:00,900 - ERROR - Unauthorized access attempt detected, user_id=44532
2023-10-13 09:25:55,432 - INFO - Regular maintenance scheduled
2023-10-13 09:26:10,890 - WARNING - CPU temperature high: 85°C
2023-10-13 09:27:05,321 - ERROR - Data synchronization failed due to network error
2023-10-13 09:28:00,654 - INFO - End of scheduled tasks2023-10-13 09:17:20,456 - ERROR - Database connection failed: Timeout
2023-10-13 09:17:20,456 - ERROR - Database connection failed: Timeout
2023-10-13 09:17:20,456 - ERROR - Database connection failed: Timeout
2023-10-13 09:17:20,456 - ERROR - Database connection failed: Timeout
2023-10-13 10:17:20,456 - ERROR - Database connection failed: Timeout
2023-10-13 10:17:20,456 - ERROR - Database connection failed: Timeout
